0 info it worked if it ends with ok
<<<<<<< HEAD
1 verbose cli [ '/usr/bin/node', '/usr/bin/npm', 'start' ]
2 info using npm@1.4.21
3 info using node@v0.10.25
=======
1 verbose cli [ 'C:\\Program Files\\nodejs\\node.exe',
1 verbose cli   'C:\\Program Files\\nodejs\\node_modules\\npm\\bin\\npm-cli.js',
1 verbose cli   'start' ]
2 info using npm@2.14.12
3 info using node@v4.3.1
>>>>>>> fa2d9b6eca32a148aa9ddd82d705d2e1c06aec3a
4 verbose run-script [ 'prestart', 'start', 'poststart' ]
5 info prestart SOS-2016-05@1.0.0
6 info start SOS-2016-05@1.0.0
7 verbose unsafe-perm in lifecycle true
8 info SOS-2016-05@1.0.0 Failed to exec start script
<<<<<<< HEAD
9 error SOS-2016-05@1.0.0 start: `node index.js`
9 error Exit status 8
10 error Failed at the SOS-2016-05@1.0.0 start script.
10 error This is most likely a problem with the SOS-2016-05 package,
10 error not with npm itself.
10 error Tell the author that this fails on your system:
10 error     node index.js
10 error You can get their info via:
10 error     npm owner ls SOS-2016-05
10 error There is likely additional logging output above.
11 error System Linux 4.2.0-34-generic
12 error command "/usr/bin/node" "/usr/bin/npm" "start"
13 error cwd /media/HDD/Dropbox/Grado/Segundo año/Segundo cuatrimestre/SOS/git/SOS-2016-05
14 error node -v v0.10.25
15 error npm -v 1.4.21
16 error code ELIFECYCLE
17 verbose exit [ 1, true ]
=======
9 verbose stack Error: SOS-2016-05@1.0.0 start: `node index.js`
9 verbose stack Exit status 1
9 verbose stack     at EventEmitter.<anonymous> (C:\Program Files\nodejs\node_modules\npm\lib\utils\lifecycle.js:214:16)
9 verbose stack     at emitTwo (events.js:87:13)
9 verbose stack     at EventEmitter.emit (events.js:172:7)
9 verbose stack     at ChildProcess.<anonymous> (C:\Program Files\nodejs\node_modules\npm\lib\utils\spawn.js:24:14)
9 verbose stack     at emitTwo (events.js:87:13)
9 verbose stack     at ChildProcess.emit (events.js:172:7)
9 verbose stack     at maybeClose (internal/child_process.js:821:16)
9 verbose stack     at Process.ChildProcess._handle.onexit (internal/child_process.js:211:5)
10 verbose pkgid SOS-2016-05@1.0.0
11 verbose cwd C:\SOS\git\sos-2016-05
12 error Windows_NT 6.1.7601
13 error argv "C:\\Program Files\\nodejs\\node.exe" "C:\\Program Files\\nodejs\\node_modules\\npm\\bin\\npm-cli.js" "start"
14 error node v4.3.1
15 error npm  v2.14.12
16 error code ELIFECYCLE
17 error SOS-2016-05@1.0.0 start: `node index.js`
17 error Exit status 1
18 error Failed at the SOS-2016-05@1.0.0 start script 'node index.js'.
18 error This is most likely a problem with the SOS-2016-05 package,
18 error not with npm itself.
18 error Tell the author that this fails on your system:
18 error     node index.js
18 error You can get their info via:
18 error     npm owner ls SOS-2016-05
18 error There is likely additional logging output above.
19 verbose exit [ 1, true ]
>>>>>>> fa2d9b6eca32a148aa9ddd82d705d2e1c06aec3a
